<?xml version="1.0" encoding="UTF-8"?>
<testsuite xmlns:xsi="http://www.w3.org/2001/XMLSchema-instance" xsi:schemaLocation="https://maven.apache.org/surefire/maven-surefire-plugin/xsd/surefire-test-report.xsd" name="test.alta.CucumberTestSuite" time="186.832" tests="24" errors="0" skipped="0" failures="0">
  <properties>
    <property name="java.runtime.name" value="Java(TM) SE Runtime Environment"/>
    <property name="java.vm.version" value="15.0.2+7-27"/>
    <property name="sun.boot.library.path" value="C:\Program Files\Java\jdk-15.0.2\bin"/>
    <property name="user.country.format" value="ID"/>
    <property name="maven.multiModuleProjectDirectory" value="D:\Kelompok36\MOBILEKEL36"/>
    <property name="java.vm.vendor" value="Oracle Corporation"/>
    <property name="java.vendor.url" value="https://java.oracle.com/"/>
    <property name="guice.disable.misplaced.annotation.check" value="true"/>
    <property name="path.separator" value=";"/>
    <property name="java.vm.name" value="Java HotSpot(TM) 64-Bit Server VM"/>
    <property name="sun.os.patch.level" value=""/>
    <property name="user.script" value=""/>
    <property name="user.country" value="US"/>
    <property name="sun.java.launcher" value="SUN_STANDARD"/>
    <property name="java.vm.specification.name" value="Java Virtual Machine Specification"/>
    <property name="user.dir" value="D:\Kelompok36\MOBILEKEL36"/>
    <property name="java.vm.compressedOopsMode" value="32-bit"/>
    <property name="java.runtime.version" value="15.0.2+7-27"/>
    <property name="os.arch" value="amd64"/>
    <property name="java.io.tmpdir" value="C:\Users\USER\AppData\Local\Temp\"/>
    <property name="line.separator" value="&#10;"/>
    <property name="java.vm.specification.vendor" value="Oracle Corporation"/>
    <property name="user.variant" value=""/>
    <property name="os.name" value="Windows 10"/>
    <property name="classworlds.conf" value="D:\Springboot\apache-maven-3.8.4\bin\m2.conf"/>
    <property name="sun.jnu.encoding" value="Cp1252"/>
    <property name="java.library.path" value="C:\Program Files\Java\jdk-15.0.2\bin;C:\Windows\Sun\Java\bin;C:\Windows\system32;C:\Windows;C:\oraclexe\app\oracle\product\11.2.0\server\bin;;C:\oraclexe\app\oracle\product\11.2.0\server\bin;C:\Program Files\Common Files\Oracle\Java\javapath;C:\Program Files (x86)\Common Files\Oracle\Java\javapath;C:\Program Files (x86)\Common Files\Intel\Shared Libraries\redist\intel64\compiler;C:\Windows\system32;C:\Windows;C:\Windows\System32\Wbem;C:\Windows\System32\WindowsPowerShell\v1.0\;C:\Windows\System32\OpenSSH\;C:\Program Files (x86)\NVIDIA Corporation\PhysX\Common;C:\Program Files\NVIDIA Corporation\NVIDIA NvDLISR;C:\Program Files (x86)\Microsoft SQL Server\150\DTS\Binn\;C:\Program Files\Microsoft SQL Server\Client SDK\ODBC\170\Tools\Binn\;C:\Program Files (x86)\Microsoft SQL Server\150\Tools\Binn\;C:\Program Files\Microsoft SQL Server\150\Tools\Binn\;C:\Program Files\Microsoft SQL Server\150\DTS\Binn\;C:\Program Files\Microsoft SQL Server\130\Tools\Binn\;C:\Program Files\Java\jdk-15.0.2\bin;C:\Users\USER\AppData\Local\Android\Sdk\platforms;C:\Users\USER\AppData\Local\Android\Sdk\platform-tools;C:\Program Files\chromedriver_win32;D:\Program Files\nodejs\;D:\Springboot\apache-maven-3.8.4\bin;D:\Python\;D:\Python\Scripts\;C:\Users\USER\AppData\Local\Programs\Python\Python39\;C:\Users\USER\AppData\Local\Programs\Python\Python39\Scripts\;C:\Program Files\Java\jdk-15.0.2\bin;D:\apache-maven-3.8.5\;C:\Users\USER\AppData\Local\Android\Sdk\tools;C:\Users\USER\AppData\Local\Android\Sdk\platform-tools;C:\Users\USER\AppData\Local\Android\Sdk\build-tools;C:\Program Files\Android\Android Studio\bin;C:\Program Files\Git\cmd;D:\Git\cmd;C:\Program Files\MySQL\MySQL Shell 8.0\bin\;D:\anaconda3;D:\anaconda3\Library\mingw-w64\bin;D:\anaconda3\Library\usr\bin;D:\anaconda3\Library\bin;D:\anaconda3\Scripts;C:\Users\USER\AppData\Local\Microsoft\WindowsApps;C:\Users\USER\AppData\Local\Programs\Microsoft VS Code\bin;C:\Users\USER\AppData\Roaming\npm;C:\Program Files\JetBrains\IntelliJ IDEA Community Edition 2021.2.2\bin;D:\apache-maven-3.8.5\bin;."/>
    <property name="maven.conf" value="D:\Springboot\apache-maven-3.8.4/conf"/>
    <property name="jdk.debug" value="release"/>
    <property name="java.class.version" value="59.0"/>
    <property name="java.specification.name" value="Java Platform API Specification"/>
    <property name="sun.management.compiler" value="HotSpot 64-Bit Tiered Compilers"/>
    <property name="os.version" value="10.0"/>
    <property name="library.jansi.path" value="D:\Springboot\apache-maven-3.8.4\lib\jansi-native"/>
    <property name="user.home" value="C:\Users\USER"/>
    <property name="user.timezone" value="Asia/Jakarta"/>
    <property name="file.encoding" value="Cp1252"/>
    <property name="java.specification.version" value="15"/>
    <property name="user.name" value="USER"/>
    <property name="java.class.path" value="D:\Springboot\apache-maven-3.8.4\boot\plexus-classworlds-2.6.0.jar"/>
    <property name="java.vm.specification.version" value="15"/>
    <property name="sun.arch.data.model" value="64"/>
    <property name="sun.java.command" value="org.codehaus.plexus.classworlds.launcher.Launcher clean verify"/>
    <property name="java.home" value="C:\Program Files\Java\jdk-15.0.2"/>
    <property name="user.language" value="en"/>
    <property name="java.specification.vendor" value="Oracle Corporation"/>
    <property name="user.language.format" value="id"/>
    <property name="java.vm.info" value="mixed mode, sharing"/>
    <property name="java.version" value="15.0.2"/>
    <property name="java.vendor" value="Oracle Corporation"/>
    <property name="sun.stderr.encoding" value="cp437"/>
    <property name="maven.home" value="D:\Springboot\apache-maven-3.8.4"/>
    <property name="file.separator" value="\"/>
    <property name="java.version.date" value="2021-01-19"/>
    <property name="java.vendor.url.bug" value="https://bugreport.java.com/bugreport/"/>
    <property name="sun.io.unicode.encoding" value="UnicodeLittle"/>
    <property name="sun.cpu.endian" value="little"/>
    <property name="sun.stdout.encoding" value="cp437"/>
    <property name="sun.cpu.isalist" value="amd64"/>
  </properties>
  <testcase name="I am on Login Page" classname="Validasi Login Function #1" time="17.613"/>
  <testcase name="I input Email &quot;&quot; and Password &quot;password&quot;" classname="Validasi Login Function #1" time="1.434"/>
  <testcase name="I click login button" classname="Validasi Login Function #1" time="0.823"/>
  <testcase name="I validate elements &quot;email null&quot;" classname="Validasi Login Function #1" time="0.602"/>
  <testcase name="Validasi Login Function #1" classname="Validasi Login Function #1" time="16.804"/>
  <testcase name="I am on Login Page" classname="Validasi Login Function #2" time="15.763"/>
  <testcase name="I input Email &quot;priscillahalim@holyhos.co.id&quot; and Password &quot;&quot;" classname="Validasi Login Function #2" time="1.835"/>
  <testcase name="I click login button" classname="Validasi Login Function #2" time="0.169"/>
  <testcase name="I validate elements &quot;password null&quot;" classname="Validasi Login Function #2" time="0.592"/>
  <testcase name="Validasi Login Function #2" classname="Validasi Login Function #2" time="15.989"/>
  <testcase name="I am on Login Page" classname="Validasi Login Function #3" time="15.937"/>
  <testcase name="I input Email &quot;priscillahalim@holyhos.co.id&quot; and Password &quot;pass&quot;" classname="Validasi Login Function #3" time="1.791"/>
  <testcase name="I click login button" classname="Validasi Login Function #3" time="0.634"/>
  <testcase name="I validate elements &quot;password digit invalid&quot;" classname="Validasi Login Function #3" time="0.579"/>
  <testcase name="Validasi Login Function #3" classname="Validasi Login Function #3" time="12.546"/>
  <testcase name="I am on Login Page" classname="Validasi Login Function #4" time="12.827"/>
  <testcase name="I input Email &quot;priscillahalim@holyhos.co.id&quot; and Password &quot;password&quot;" classname="Validasi Login Function #4" time="1.641"/>
  <testcase name="I click login button" classname="Validasi Login Function #4" time="0.595"/>
  <testcase name="I validate elements &quot;login&quot;" classname="Validasi Login Function #4" time="3.674"/>
  <testcase name="Validasi Login Function #4" classname="Validasi Login Function #4" time="17.249"/>
  <testcase name="I am on home Page" classname="see log report" time="13.955"/>
  <testcase name="I click menu log report" classname="see log report" time="14.492"/>
  <testcase name="I validate elements elements" classname="see log report" time="4.545"/>
  <testcase name="see log report" classname="see log report" time="18.21"/>
</testsuite>